date Fri 17 Feb 2023 08:47:30 GMT
hostname MacBook-Pro-8.local
system Darwin MacBook-Pro-8.local 21.6.0 Darwin Kernel Version 21.6.0: Mon Aug 22 20:20:05 PDT 2022; root:xnu-8020.140.49~2/RELEASE_ARM64_T8101 arm64
user brunocamino
output data in /Users/brunocamino/Desktop/Imperial/cmsg_icl/solid-solutions/data/crystal/symmetry/CaMgO_sp_0.out
crystal executable in /Users/brunocamino/crystal
input data in /Users/brunocamino/Desktop/Imperial/cmsg_icl/solid-solutions/data/crystal/symmetry/CaMgO_sp_0.d12
temporary directory /Users/brunocamino/crystal/tmp
Single Point
CRYSTAL
0 0 0
225
4.83817213
2
20 0.0 0.0 0.0
8 0.5 0.5 0.5
SUPERCEL
3 0 0
0 3 0
0 0 3 
ATOMSUBS
9
19 12
20 12
21 12
22 12
23 12
24 12
25 12
26 12
27 12
EXTPRT
TESTGEOM
END
20 11
0 0 8 2.0 1.0
  172517.326850      0.00023317502546
  25861.5192750      0.00180765219800
  5885.66186680      0.00939438442550
  1665.97300310      0.03810840900900
  542.367181480      0.12331203853000
  194.578034920      0.29004470954000
  75.3035976360      0.40587151157000
  29.5740625890      0.20398410743000
0 0 4 2.0 1.0
  191.200746600     -0.02441975975900
  58.8402998830     -0.11547027448000
  8.96425408450      0.56356636717000
  3.68569605410      0.56709682704000
0 0 2 2.0 1.0
  5.24642897260     -0.22825334325000
  1.34862621528      0.72625219172000
0 0 1 2.0 1.0
  0.70710626000      1.00000000000000
0 0 1 0.0 1.0
  0.30027232000      1.00000000000000
0 0 1 0.0 1.0
  0.14014616000      1.00000000000000
0 2 6 6.0 1.0
  836.972620580      0.00252583460920
  197.930401420      0.02007650668600
  63.1355580540      0.09130298736600
  23.2826871700      0.25247029915000
  9.11764449320      0.39426326344000
  3.63361201390      0.23011559492000
0 2 3 6.0 1.0
  13.4941631200     -0.02649502195100
  1.81392597900      0.55088108210000
  0.71981826006      1.02806166200000
0 2 1 0.0 1.0
  0.36108303000      1.00000000000000
0 2 1 0.0 1.0
  0.15029529000      1.00000000000000
0 3 1 0.0 1.0
  0.98864471000      1.00000000000000
12 9
0 0 7 2.0 1.0
  31438.3495550      0.00060912311326
  4715.51533540      0.00470661964650
  1073.16292470      0.02413582065700
  303.572387680      0.09362895983400
  98.6262510420      0.26646742093000
  34.9438084170      0.47890929917000
  12.8597851990      0.33698490286000
0 0 3 2.0 1.0
  64.8769130040      0.01918088930700
  19.7255207770      0.09091370439200
  2.89518043390     -0.39563756125000
0 0 2 2.0 1.0
  1.19604547100      1.68276033730000
  0.54329451156      0.52141091954000
0 0 1 0.0 1.0
  0.83471188300      1.00000000000000
0 0 1 0.0 1.0
  0.14506887000      1.00000000000000
0 2 5 6.0 1.0
  179.871896120      0.00537995490180
  42.1200693760      0.03931801409800
  13.1205030320      0.15740129476000
  4.62575036090      0.35919094128000
  1.66952110160      0.45533379310000
0 2 1 0.0 1.0
  0.56631001000      1.00000000000000
0 2 1 0.0 1.0
  0.18813966000      1.00000000000000
0 3 1 0.0 1.0
  0.29355357000      1.00000000000000
8 8
0 0 6 2.0 1.0
  27032.382631      0.00021726302465
  4052.3871392      0.00168386621990
  922.32722710      0.00873956162650
  261.24070989      0.03523996880800
  85.354641351      0.11153519115000
  31.035035245      0.25588953961000
0 0 2 2.0 1.0
  12.260860728      0.39768730901000
  4.9987076005      0.24627849430000
0 0 1 0.0 1.0
  1.0987136000      1.00000000000000
0 0 1 0.0 1.0
  0.3565870100      1.00000000000000
0 2 4 4.0 1.0
  63.274954801      0.0060685103418
  14.627049379      0.0419125758240
  4.4501223456      0.1615384108800
  1.5275799647      0.3570695131100
0 2 1 0.0 1.0
  0.5489735000      1.0000000000000
0 2 1 0.0 1.0
  0.1858671100      1.0000000000000
0 3 1 0.0 1.0
  0.4534621300      1.0000000000000
99 0
END
DFT
B3LYP
END
SHRINK
4 8
TOLINTEG
7 7 7 7 14
TOLDEE
8 
FMIXING
70
EXCHSIZE
6500000
BIPOSIZE
7000000
ENDSCF

         
 *******************************************************************************
 *                                                                             *
 *                               CRYSTAL17                                     *
 *                      public : 1.0.1 - Feb 1st, 2017                         *
 *                       HTTP://WWW.CRYSTAL.UNITO.IT                           *
 *                                                                             *
 *                              MAIN AUTHORS                                   *
 *                                                                             *
 *  R. DOVESI(1,11), V.R. SAUNDERS(2), C. ROETTI(1,11), R. ORLANDO(1,11),      *
 *  C.M. ZICOVICH-WILSON(1,3), F. PASCALE(4), B. CIVALLERI(1,11),              *
 *  K. DOLL(5), N.M. HARRISON(2,6), I.J. BUSH(7), Ph. D'ARCO(8),               *
 *  M. LLUNELL(9), M. CAUSA'(10), Y. NOEL(8), L. MASCHIO(1,11), A. ERBA(1,11)  *
 *  M. RE'RAT(14), S. CASASSA(1,11)                                            *
 *                                                                             *
 *        CONTRIBUTIONS TO THE CODE HAVE ALSO BEEN GIVEN BY                    *
 *                                                                             *
 *  M. FERRABONE(1,11), M. DE LA PIERRE(1,11), M. FERRERO(1,11),               *
 *  J. BAIMA(1,11), E. ALBANESE(1,11), M.F. PEINTINGER(12), R. BAST(13),       *
 *  B. KIRTMAN(15), V. LACIVITA(1,11), R. DEMICHELIS(1,16)                     *
 *  G. BRANDEBURG(17), S. SALUSTRO(1,11), G. SANSONE(1,11)                     *
 *  M.T. RUGGIERO(18)                                                          *
 *                                                                             *
 * (1) THEORETICAL CHEMISTRY GROUP - UNIVERSITA' DI TORINO - TORINO (ITALY)    *

 * (2) COMPUTATIONAL SCIENCE & ENGINEERING DEPARTMENT - STFC DARESBURY (UK)    *
 * (3) UNIVERSIDAD AUTONOMA DEL ESTADO DE MORELOS - CUERNAVACA (MEXICO)        *
 * (4) UNIVERSITE' DE LORRAINE - NANCY (FRANCE)                                *
 * (5) UNIVERSITAET STUTTGART- STUTTGART (GERMANY)                             *
 * (6) IMPERIAL COLLEGE - LONDON (UK)                                          *
 * (7) OXFORD E-RESEARCH CENTRE - OXFORD (UK)                                  *
 * (8) UPMC - SORBONNE UNIVERSITES - PARIS (FRANCE)                            *
 * (9) UNIVERSIDAD DE BARCELONA - BARCELONA (SPAIN)                            *
 *(10) UNIVERSITA' DI NAPOLI "FEDERICO II" - NAPOLI (ITALY)                    *
 *(11) NIS - NANOSTRUCTURED INTERFACES AND SURFACES - TORINO (ITALY)           *
 *(12) MPI FUER CHEMISCHE ENERGIEKONVERSION - MUELHEIM AN DER RUHR (GERMANY)   *
 *(13) UNIVERSITY OF TROMSO - TROMSO (NORWAY)                                  *
 *(14) UNIVERSITE' DE PAU ET DES PAYS DE L'ADOUR - PAU (FRANCE)                *
 *(15) UNIVERSITY OF CALIFORNIA SANTA BARBARA - SANTA BARBARA (USA)            *
 *(16) CURTIN UNIVERSITY - PERTH (AUSTRALIA)                                   *
 *(17) UNIVERSITY COLLEGE LONDON - LONDON (UK)                                 *
 *(18) CAMBRIDGE UNIVERSITY - CAMBRIDGE (UK)                                   *
 *                                                                             *
 *******************************************************************************
 EEEEEEEEEE STARTING  DATE 17 02 2023 TIME 08:47:30.4
 Single Point                                                                    

 CRYSTAL CALCULATION
 (INPUT ACCORDING TO THE INTERNATIONAL TABLES FOR X-RAY CRYSTALLOGRAPHY)
 CRYSTAL FAMILY                       :  CUBIC       
 CRYSTAL CLASS  (GROTH - 1921)        :  CUBIC HEXAKISOCTAHEDRAL              

 SPACE GROUP (CENTROSYMMETRIC)        :  F M 3 M         

 LATTICE PARAMETERS  (ANGSTROMS AND DEGREES) - CONVENTIONAL CELL
        A           B           C        ALPHA        BETA       GAMMA
     4.83817     4.83817     4.83817    90.00000    90.00000    90.00000


 NUMBER OF IRREDUCIBLE ATOMS IN THE CONVENTIONAL CELL:    2

 INPUT COORDINATES

 ATOM AT. N.              COORDINATES
   1  20     0.000000000000E+00  0.000000000000E+00  0.000000000000E+00
   2   8     5.000000000000E-01  5.000000000000E-01  5.000000000000E-01

 *******************************************************************************

 << INFORMATION >>: FROM NOW ON, ALL COORDINATES REFER TO THE PRIMITIVE CELL

 *******************************************************************************

 LATTICE PARAMETERS  (ANGSTROMS AND DEGREES) - PRIMITIVE CELL
       A          B          C        ALPHA      BETA     GAMMA        VOLUME
    3.42110    3.42110    3.42110    60.00000  60.00000  60.00000     28.312874

 COORDINATES OF THE EQUIVALENT ATOMS (FRACTIONAL UNITS)

 N. ATOM EQUIV AT. N.          X                  Y                  Z

   1   1   1   20 CA    0.00000000000E+00  0.00000000000E+00  0.00000000000E+00

   2   2   1    8 O    -5.00000000000E-01 -5.00000000000E-01 -5.00000000000E-01

 NUMBER OF SYMMETRY OPERATORS         :   48
 *******************************************************************************
 * GEOMETRY EDITING - INPUT COORDINATES ARE GIVEN IN ANGSTROM         
 *******************************************************************************

 GEOMETRY NOW FULLY CONSISTENT WITH THE GROUP

 NO SYMMOPS WITH FINITE TRANSLATIONAL COMPONENT

 *******************************************************************************
 * SUPERCELL OPTION
 *******************************************************************************


        EXPANSION MATRIX OF PRIMITIVE CELL
 E1     3.000     0.000     0.000
 E2     0.000     3.000     0.000
 E3     0.000     0.000     3.000

 NUMBER OF ATOMS PER SUPERCELL    54

        DIRECT LATTICE VECTORS COMPONENTS (ANGSTROM)
 B1     0.000     7.257     7.257
 B2     7.257     0.000     7.257
 B3     7.257     7.257     0.000

 LATTICE PARAMETERS  (ANGSTROM AND DEGREES)
       A          B          C         ALPHA     BETA     GAMMA        VOLUME
   10.26331   10.26331   10.26331    60.00000  60.00000  60.00000    764.447596


 **** ATOMS BELONGING TO THE SUPERCELL
 LABEL AT.NO.      COORDINATES (ANGSTROM AND FRACTIONAL)
     1    20     0.0000     0.0000     0.0000     0.0000     0.0000     0.0000
     2    20     2.4191     2.4191     0.0000     0.0000     0.0000     0.3333
     3    20    -2.4191    -2.4191     0.0000     0.0000     0.0000    -0.3333
     4    20     2.4191     0.0000     2.4191     0.0000     0.3333     0.0000
     5    20     4.8382     2.4191     2.4191     0.0000     0.3333     0.3333
     6    20     0.0000    -2.4191     2.4191    -0.0000     0.3333    -0.3333
     7    20    -2.4191     0.0000    -2.4191     0.0000    -0.3333     0.0000
     8    20     0.0000     2.4191    -2.4191    -0.0000    -0.3333     0.3333
     9    20    -4.8382    -2.4191    -2.4191     0.0000    -0.3333    -0.3333
    10    20     0.0000     2.4191     2.4191     0.3333     0.0000     0.0000
    11    20     2.4191     4.8382     2.4191     0.3333     0.0000     0.3333
    12    20    -2.4191     0.0000     2.4191     0.3333    -0.0000    -0.3333
    13    20     2.4191     2.4191     4.8382     0.3333     0.3333     0.0000
    14    20     4.8382     4.8382     4.8382     0.3333     0.3333     0.3333
    15    20     0.0000     0.0000     4.8382     0.3333     0.3333    -0.3333
    16    20    -2.4191     2.4191     0.0000     0.3333    -0.3333    -0.0000
    17    20     0.0000     4.8382     0.0000     0.3333    -0.3333     0.3333
    18    20    -4.8382     0.0000     0.0000     0.3333    -0.3333    -0.3333
    19    20     0.0000    -2.4191    -2.4191    -0.3333     0.0000     0.0000
    20    20     2.4191     0.0000    -2.4191    -0.3333    -0.0000     0.3333
    21    20    -2.4191    -4.8382    -2.4191    -0.3333     0.0000    -0.3333
    22    20     2.4191    -2.4191     0.0000    -0.3333     0.3333    -0.0000
    23    20     4.8382     0.0000     0.0000    -0.3333     0.3333     0.3333
    24    20     0.0000    -4.8382     0.0000    -0.3333     0.3333    -0.3333
    25    20    -2.4191    -2.4191    -4.8382    -0.3333    -0.3333     0.0000
    26    20     0.0000     0.0000    -4.8382    -0.3333    -0.3333     0.3333
    27    20    -4.8382    -4.8382    -4.8382    -0.3333    -0.3333    -0.3333
    28     8     0.0000    -0.0000    -2.4191    -0.1667    -0.1667     0.1667
    29     8    -4.8382    -4.8382    -2.4191    -0.1667    -0.1667    -0.5000
    30     8    -2.4191    -2.4191    -2.4191    -0.1667    -0.1667    -0.1667
    31     8     2.4191    -0.0000     0.0000    -0.1667     0.1667     0.1667
    32     8     4.8382     2.4191     0.0000    -0.1667     0.1667     0.5000
    33     8     0.0000    -2.4191     0.0000    -0.1667     0.1667    -0.1667
    34     8    -2.4191     0.0000    -4.8382    -0.1667    -0.5000     0.1667
    35     8    -7.2573    -4.8382    -4.8382    -0.1667    -0.5000    -0.5000
    36     8    -4.8382    -2.4191    -4.8382    -0.1667    -0.5000    -0.1667
    37     8     0.0000     2.4191     0.0000     0.1667    -0.1667     0.1667
    38     8     2.4191     4.8382     0.0000     0.1667    -0.1667     0.5000
    39     8    -2.4191     0.0000     0.0000     0.1667    -0.1667    -0.1667
    40     8     2.4191     2.4191     2.4191     0.1667     0.1667     0.1667
    41     8    -2.4191    -2.4191     2.4191     0.1667     0.1667    -0.5000
    42     8     0.0000     0.0000     2.4191     0.1667     0.1667    -0.1667
    43     8    -2.4191     2.4191    -2.4191     0.1667    -0.5000     0.1667
    44     8    -7.2573    -2.4191    -2.4191     0.1667    -0.5000    -0.5000
    45     8    -4.8382     0.0000    -2.4191     0.1667    -0.5000    -0.1667
    46     8     0.0000    -2.4191    -4.8382    -0.5000    -0.1667     0.1667
    47     8    -4.8382    -7.2573    -4.8382    -0.5000    -0.1667    -0.5000
    48     8    -2.4191    -4.8382    -4.8382    -0.5000    -0.1667    -0.1667
    49     8     2.4191    -2.4191    -2.4191    -0.5000     0.1667     0.1667
    50     8    -2.4191    -7.2573    -2.4191    -0.5000     0.1667    -0.5000
    51     8     0.0000    -4.8382    -2.4191    -0.5000     0.1667    -0.1667
    52     8    -2.4191    -2.4191    -7.2573    -0.5000    -0.5000     0.1667
    53     8    -7.2573    -7.2573    -7.2573    -0.5000    -0.5000    -0.5000
    54     8    -4.8382    -4.8382    -7.2573    -0.5000    -0.5000    -0.1667

 **************************** SUPERCELL GENERATED ****************************


 *******************************************************************************
 * SUBSTITUTION OF    9 ATOM(S)
 *******************************************************************************
 ATOM N.   19 CA (Z=  20) SUBSTITUTED WITH MG (Z=  12)
 ATOM N.   20 CA (Z=  20) SUBSTITUTED WITH MG (Z=  12)
 ATOM N.   21 CA (Z=  20) SUBSTITUTED WITH MG (Z=  12)
 ATOM N.   22 CA (Z=  20) SUBSTITUTED WITH MG (Z=  12)
 ATOM N.   23 CA (Z=  20) SUBSTITUTED WITH MG (Z=  12)
 ATOM N.   24 CA (Z=  20) SUBSTITUTED WITH MG (Z=  12)
 ATOM N.   25 CA (Z=  20) SUBSTITUTED WITH MG (Z=  12)
 ATOM N.   26 CA (Z=  20) SUBSTITUTED WITH MG (Z=  12)
 ATOM N.   27 CA (Z=  20) SUBSTITUTED WITH MG (Z=  12)
 THE NUMBER OF SYMMETRY OPERATORS HAS BEEN REDUCED FROM 48 TO  6
 *******************************************************************************

 GCALCO - MAX INDICES DIRECT LATTICE VECTOR    14    14    14
 NO.OF VECTORS CREATED 6999 STARS  105 RMAX   205.25581 BOHR

 GEOMETRY FOR WAVE FUNCTION - DIMENSIONALITY OF THE SYSTEM    3
 (NON PERIODIC DIRECTION: LATTICE PARAMETER FORMALLY SET TO 500)
 *******************************************************************************
 LATTICE PARAMETERS (ANGSTROMS AND DEGREES) - BOHR = 0.5291772083 ANGSTROM
 PRIMITIVE CELL - CENTRING CODE 1/1 VOLUME=   764.447596 - DENSITY  2.970 g/cm^3
         A              B              C           ALPHA      BETA       GAMMA 
    10.26331297    10.26331297    10.26331297    60.000000  60.000000  60.000000
 *******************************************************************************
 ATOMS IN THE ASYMMETRIC UNIT   20 - ATOMS IN THE UNIT CELL:   54
     ATOM                 X/A                 Y/B                 Z/C    
 *******************************************************************************
      1 T  20 CA    0.000000000000E+00  0.000000000000E+00  0.000000000000E+00
      2 T  20 CA    0.000000000000E+00  0.000000000000E+00  3.333333333333E-01
      3 F  20 CA    0.000000000000E+00  0.000000000000E+00 -3.333333333333E-01
      4 F  20 CA    0.000000000000E+00  3.333333333333E-01  0.000000000000E+00
      5 T  20 CA    8.326672684689E-17  3.333333333333E-01  3.333333333333E-01
      6 F  20 CA    0.000000000000E+00  3.333333333333E-01 -3.333333333333E-01
      7 F  20 CA    0.000000000000E+00 -3.333333333333E-01  0.000000000000E+00
      8 F  20 CA   -5.551115123126E-17 -3.333333333333E-01  3.333333333333E-01
      9 T  20 CA   -2.775557561563E-17 -3.333333333333E-01 -3.333333333333E-01
     10 T  20 CA    3.333333333333E-01  0.000000000000E+00  0.000000000000E+00
     11 T  20 CA    3.333333333333E-01  8.326672684689E-17  3.333333333333E-01
     12 F  20 CA    3.333333333333E-01  0.000000000000E+00 -3.333333333333E-01
     13 F  20 CA    3.333333333333E-01  3.333333333333E-01  0.000000000000E+00
     14 F  20 CA    3.333333333333E-01  3.333333333333E-01  3.333333333333E-01
     15 T  20 CA    3.333333333333E-01  3.333333333333E-01 -3.333333333333E-01
     16 F  20 CA    3.333333333333E-01 -3.333333333333E-01 -1.526560571958E-16
     17 F  20 CA    3.333333333333E-01 -3.333333333333E-01  3.333333333333E-01
     18 F  20 CA    3.333333333333E-01 -3.333333333333E-01 -3.333333333333E-01
     19 T  12 MG   -3.333333333333E-01  0.000000000000E+00  0.000000000000E+00
     20 F  12 MG   -3.333333333333E-01 -5.551115123126E-17  3.333333333333E-01
     21 T  12 MG   -3.333333333333E-01 -2.775557561563E-17 -3.333333333333E-01
     22 F  12 MG   -3.333333333333E-01  3.333333333333E-01 -1.526560571958E-16
     23 T  12 MG   -3.333333333333E-01  3.333333333333E-01  3.333333333333E-01
     24 F  12 MG   -3.333333333333E-01  3.333333333333E-01 -3.333333333333E-01
     25 F  12 MG   -3.333333333333E-01 -3.333333333333E-01  0.000000000000E+00
     26 F  12 MG   -3.333333333333E-01 -3.333333333333E-01  3.333333333333E-01
     27 F  12 MG   -3.333333333333E-01 -3.333333333333E-01 -3.333333333333E-01
     28 T   8 O    -1.666666666667E-01 -1.666666666667E-01  1.666666666667E-01
     29 T   8 O    -1.666666666667E-01 -1.666666666667E-01 -5.000000000000E-01
     30 F   8 O    -1.666666666667E-01 -1.666666666667E-01 -1.666666666667E-01
     31 F   8 O    -1.666666666667E-01  1.666666666667E-01  1.666666666667E-01
     32 T   8 O    -1.666666666667E-01  1.666666666667E-01 -5.000000000000E-01
     33 F   8 O    -1.666666666667E-01  1.666666666667E-01 -1.666666666667E-01
     34 F   8 O    -1.666666666667E-01 -5.000000000000E-01  1.666666666667E-01
     35 F   8 O    -1.666666666667E-01 -5.000000000000E-01 -5.000000000000E-01
     36 F   8 O    -1.666666666667E-01 -5.000000000000E-01 -1.666666666667E-01
     37 T   8 O     1.666666666667E-01 -1.666666666667E-01  1.666666666667E-01
     38 T   8 O     1.666666666667E-01 -1.666666666667E-01 -5.000000000000E-01
     39 F   8 O     1.666666666667E-01 -1.666666666667E-01 -1.666666666667E-01
     40 T   8 O     1.666666666667E-01  1.666666666667E-01  1.666666666667E-01
     41 F   8 O     1.666666666667E-01  1.666666666667E-01  5.000000000000E-01
     42 F   8 O     1.666666666667E-01  1.666666666667E-01 -1.666666666667E-01
     43 F   8 O     1.666666666667E-01 -5.000000000000E-01  1.666666666667E-01
     44 F   8 O     1.666666666667E-01 -5.000000000000E-01  5.000000000000E-01
     45 F   8 O     1.666666666667E-01  5.000000000000E-01 -1.666666666667E-01
     46 T   8 O    -5.000000000000E-01 -1.666666666667E-01  1.666666666667E-01
     47 F   8 O    -5.000000000000E-01 -1.666666666667E-01 -5.000000000000E-01
     48 T   8 O    -5.000000000000E-01 -1.666666666667E-01 -1.666666666667E-01
     49 T   8 O    -5.000000000000E-01  1.666666666667E-01  1.666666666667E-01
     50 F   8 O    -5.000000000000E-01  1.666666666667E-01  5.000000000000E-01
     51 F   8 O     5.000000000000E-01  1.666666666667E-01 -1.666666666667E-01
     52 F   8 O    -5.000000000000E-01 -5.000000000000E-01  1.666666666667E-01
     53 T   8 O    -5.000000000000E-01 -5.000000000000E-01 -5.000000000000E-01
     54 F   8 O    -5.000000000000E-01 -5.000000000000E-01 -1.666666666667E-01

 T = ATOM BELONGING TO THE ASYMMETRIC UNIT

 ****    6 SYMMOPS - TRANSLATORS IN FRACTIONAL UNITS
 **** MATRICES AND TRANSLATORS IN THE CRYSTALLOGRAPHIC REFERENCE FRAME
   V INV                    ROTATION MATRICES                   TRANSLATORS
   1   1  1.00  0.00  0.00  0.00  1.00  0.00  0.00  0.00  1.00  0.00  0.00  0.00
   2   3  1.00  0.00  0.00  0.00 -0.00  1.00 -1.00 -1.00 -1.00  0.00  0.00  0.00
   3   2  1.00  0.00  0.00 -1.00 -1.00 -1.00  0.00  1.00 -0.00  0.00  0.00  0.00
   4   4  1.00  0.00  0.00  0.00  1.00 -0.00 -1.00 -1.00 -1.00  0.00  0.00  0.00
   5   5  1.00  0.00  0.00  0.00 -0.00  1.00  0.00  1.00 -0.00  0.00  0.00  0.00
   6   6  1.00  0.00  0.00 -1.00 -1.00 -1.00  0.00 -0.00  1.00  0.00  0.00  0.00

 DIRECT LATTICE VECTORS CARTESIAN COMPONENTS (ANGSTROM)
          X                    Y                    Z
   0.000000000000E+00   0.725725819500E+01   0.725725819500E+01
   0.725725819500E+01   0.000000000000E+00   0.725725819500E+01
   0.725725819500E+01   0.725725819500E+01   0.000000000000E+00


 CARTESIAN COORDINATES - PRIMITIVE CELL
 *******************************************************************************
 *      ATOM          X(ANGSTROM)         Y(ANGSTROM)         Z(ANGSTROM)
 *******************************************************************************
    1    20 CA    0.000000000000E+00  0.000000000000E+00  0.000000000000E+00
    2    20 CA    2.419086065000E+00  2.419086065000E+00  0.000000000000E+00
    3    20 CA   -2.419086065000E+00 -2.419086065000E+00  0.000000000000E+00
    4    20 CA    2.419086065000E+00  0.000000000000E+00  2.419086065000E+00
    5    20 CA    4.838172130000E+00  2.419086065000E+00  2.419086065000E+00
    6    20 CA    1.410011329828E-15 -2.419086065000E+00  2.419086065000E+00
    7    20 CA   -2.419086065000E+00  0.000000000000E+00 -2.419086065000E+00
    8    20 CA    9.400075532184E-16  2.419086065000E+00 -2.419086065000E+00
    9    20 CA   -4.838172130000E+00 -2.419086065000E+00 -2.419086065000E+00
   10    20 CA    0.000000000000E+00  2.419086065000E+00  2.419086065000E+00
   11    20 CA    2.419086065000E+00  4.838172130000E+00  2.419086065000E+00
   12    20 CA   -2.419086065000E+00  1.410011329828E-15  2.419086065000E+00
   13    20 CA    2.419086065000E+00  2.419086065000E+00  4.838172130000E+00
   14    20 CA    4.838172130000E+00  4.838172130000E+00  4.838172130000E+00
   15    20 CA    1.410011329828E-15  1.410011329828E-15  4.838172130000E+00
   16    20 CA   -2.419086065000E+00  2.419086065000E+00  1.410011329828E-15
   17    20 CA    1.410011329828E-15  4.838172130000E+00  1.410011329828E-15
   18    20 CA   -4.838172130000E+00  2.350018883046E-15  1.410011329828E-15
   19    12 MG    0.000000000000E+00 -2.419086065000E+00 -2.419086065000E+00
   20    12 MG    2.419086065000E+00  9.400075532184E-16 -2.419086065000E+00
   21    12 MG   -2.419086065000E+00 -4.838172130000E+00 -2.419086065000E+00
   22    12 MG    2.419086065000E+00 -2.419086065000E+00  1.410011329828E-15
   23    12 MG    4.838172130000E+00  1.410011329828E-15  1.410011329828E-15
   24    12 MG    2.350018883046E-15 -4.838172130000E+00  1.410011329828E-15
   25    12 MG   -2.419086065000E+00 -2.419086065000E+00 -4.838172130000E+00
   26    12 MG    9.400075532184E-16  9.400075532184E-16 -4.838172130000E+00
   27    12 MG   -4.838172130000E+00 -4.838172130000E+00 -4.838172130000E+00
   28     8 O     0.000000000000E+00 -4.700037766092E-16 -2.419086065000E+00
   29     8 O     2.419086065000E+00  2.419086065000E+00 -2.419086065000E+00
   30     8 O    -2.419086065000E+00 -2.419086065000E+00 -2.419086065000E+00
   31     8 O     2.419086065000E+00 -4.700037766092E-16  2.350018883046E-16
   32     8 O     4.838172130000E+00  2.419086065000E+00  2.350018883046E-16
   33     8 O     1.645013218132E-15 -2.419086065000E+00  2.350018883046E-16
   34     8 O     4.838172130000E+00  0.000000000000E+00  2.419086065000E+00
   35     8 O     7.257258195000E+00  2.419086065000E+00  2.419086065000E+00
   36     8 O     2.419086065000E+00 -2.419086065000E+00  2.419086065000E+00
   37     8 O     0.000000000000E+00  2.419086065000E+00  4.700037766092E-16
   38     8 O     2.419086065000E+00  4.838172130000E+00  2.350018883046E-16
   39     8 O    -2.419086065000E+00  1.645013218132E-15  2.350018883046E-16
   40     8 O     2.419086065000E+00  2.419086065000E+00  2.419086065000E+00
   41     8 O     4.838172130000E+00  4.838172130000E+00  2.419086065000E+00
   42     8 O     1.645013218132E-15  1.645013218132E-15  2.419086065000E+00
   43     8 O     4.838172130000E+00  2.419086065000E+00  4.838172130000E+00
   44     8 O     7.257258195000E+00  4.838172130000E+00  4.838172130000E+00
   45     8 O     2.419086065000E+00  2.350018883046E-15  4.838172130000E+00
   46     8 O     0.000000000000E+00  4.838172130000E+00  2.419086065000E+00
   47     8 O     2.419086065000E+00  7.257258195000E+00  2.419086065000E+00
   48     8 O    -2.419086065000E+00  2.419086065000E+00  2.419086065000E+00
   49     8 O     2.419086065000E+00  4.838172130000E+00  4.838172130000E+00
   50     8 O     4.838172130000E+00  7.257258195000E+00  4.838172130000E+00
   51     8 O     2.350018883046E-15  2.419086065000E+00  4.838172130000E+00
   52     8 O     4.838172130000E+00  4.838172130000E+00  7.257258195000E+00
   53     8 O     7.257258195000E+00  7.257258195000E+00  7.257258195000E+00
   54     8 O     2.419086065000E+00  2.419086065000E+00  7.257258195000E+00
 WARNING **** CRYSTA **** TESTGEOM  DIRECTIVE - GEOMETRY EDITING COMPLETE
 TTTTTTTTTTTTTTTTTTTTTTTTTTTTTT END         TELAPSE        0.02 TCPU        0.01
 EEEEEEEEEE TERMINATION  DATE 17 02 2023 TIME 08:47:30.4
Fri 17 Feb 2023 08:47:30 GMT
Contents of temporary directory:
total 16
-rw-r--r--  1 brunocamino  admin  5247 17 Feb 08:47 fort.34
SCF abnormal end - no wf written in fort.9
geometry input file fort.34 saved as /Users/brunocamino/Desktop/Imperial/cmsg_icl/solid-solutions/data/crystal/symmetry/CaMgO_sp_0.gui
temporary directory /Users/brunocamino/crystal/tmp removed
