date Thu 9 Mar 2023 10:54:44 GMT
hostname MacBook-Pro-8.local
system Darwin MacBook-Pro-8.local 21.6.0 Darwin Kernel Version 21.6.0: Mon Aug 22 20:20:05 PDT 2022; root:xnu-8020.140.49~2/RELEASE_ARM64_T8101 arm64
user brunocamino
output data in /Users/brunocamino/Desktop/Imperial/cmsg_icl/solid-solutions/data/crystal/lts/symmetry_analysis/lts_3962.out
crystal executable in /Users/brunocamino/crystal
input data in /Users/brunocamino/Desktop/Imperial/cmsg_icl/solid-solutions/data/crystal/lts/symmetry_analysis/lts_3962.d12
temporary directory /Users/brunocamino/crystal/tmp
external geometry input from /Users/brunocamino/Desktop/Imperial/cmsg_icl/solid-solutions/data/crystal/lts/symmetry_analysis/lts_3962.gui
external geometry input saved in /Users/brunocamino/Desktop/Imperial/cmsg_icl/solid-solutions/data/crystal/lts/symmetry_analysis/lts_3962_inp.gui
Lts 
EXTERNAL
END
22 12
0 0 8 2. 1.
 211575.69025                 .23318151011D-03
  31714.945058                .18079690851D-02
   7217.5476543               .93984311352D-02
   2042.9394247               .38156853618D-01
    665.12896208              .12374757197
    238.74942264              .29208551143
     92.508691001             .41226800855
     36.403919209             .21090534061
0 0 4 2. 1.
    232.72624607             -.24920140738D-01
     71.791209711            -.11746490087
     11.158534615             .56503342318
      4.6548135416            .56211101812
0 0 2 2. 1.
      6.8034629174           -.23011425503
      1.1201076403            .72103186735
0 0 1 2. 1.
      0.48080118839          1.0000000000
0 0 1 0. 1.
      0.085157274977         1.0000000000
0 2 6 6. 1.
   1063.1474732               .24690839320D-02
    251.56507061              .19773345523D-01
     80.408554854             .90987976672D-01
     29.768193269             .25559900413
     11.736830556             .40489386764
      4.7142375230            .23693402558
0 2 3 6. 1.
     17.796803704            -.27878639615D-01
      2.4272698680            .55672914668
      0.96823445537          1.0055447350
0 2 1 0. 1.
      0.37056694165          1.0000000000
0 2 1 0. 1.
      0.1015610              1.0000000
0 3 4 2. 1.
     37.713384723             .11513835092D-01
     10.692931184             .67246343996D-01
      3.6728446990            .21484207775
      1.3588590303            .38890892779
0 3 1 0. 1.
      0.49213295253          1.0000000000
0 3 1 0. 1.
      0.16330520653          1.0000000000
16 10
0 0 7 2. 1.
  60700.928104                .54695944225D-03
   9102.6106854               .42297224557D-02
   2071.4166009               .21747824159D-01
    586.02476821              .85100053589D-01
    190.55395021              .24799128459
     67.630384260             .46703640406
     25.127306905             .36434587550
0 0 3 2. 1.
    112.57463010              .21670040240D-01
     34.795554217             .93602301760D-01
      6.5115556215           -.26068001422
0 0 2 2. 1.
      3.2399032261           1.2842089435
      1.5477160881            .66036416584
0 0 1 0. 1.
      0.40541030112          1.0000000
0 0 1 0. 1.
      0.14550651059          1.0000000
0 2 6 6. 1.
    564.36716027              .24796796317D-02
    133.42624379              .19677930250D-01
     42.468271189             .89980008258D-01
     15.616527580             .25705880575
      6.1093988469            .43515167292
      2.4404160198            .34883240595
0 2 1 4. 1.
      0.83882201296          1.0000000
0 2 1 0. 1.
      0.31288746900          1.0000000
0 2 1 0. 1.
      0.10770109004          1.0000000
0 3 1 0. 1.
      0.55                   1.00000000
3 5
0 0 6 2. 1.
   6269.2628010               .20540968826D-03
    940.31612431              .15916554089D-02
    214.22107528              .82869829707D-02
     60.759840184             .33856374249D-01
     19.915152032             .11103225876
      7.3171509797            .27449383329
0 0 2 1. 1.
      2.9724674216            .23792456411
      1.2639852314            .30765411924
0 0 1 0. 1.
      0.51427489953          1.0000000000
0 0 1 0. 1.
   0.10 1.0000000000
0 2 1 0. 1.
  0.40000000000         1.0000000000
 99 0
END
DFT
B3LYP
END
FMIXING
90
SHRINK
6 12
TOLINTEG
7 7 7 7 14
MAXCYCLE
200
NODIIS
ANDERSON
TOLDEE
8
PPAN
EXCHSIZE
7000000
ENDSCF

         
 *******************************************************************************
 *                                                                             *
 *                               CRYSTAL17                                     *
 *                      public : 1.0.1 - Feb 1st, 2017                         *
 *                       HTTP://WWW.CRYSTAL.UNITO.IT                           *
 *                                                                             *
 *                              MAIN AUTHORS                                   *
 *                                                                             *
 *  R. DOVESI(1,11), V.R. SAUNDERS(2), C. ROETTI(1,11), R. ORLANDO(1,11),      *
 *  C.M. ZICOVICH-WILSON(1,3), F. PASCALE(4), B. CIVALLERI(1,11),              *
 *  K. DOLL(5), N.M. HARRISON(2,6), I.J. BUSH(7), Ph. D'ARCO(8),               *
 *  M. LLUNELL(9), M. CAUSA'(10), Y. NOEL(8), L. MASCHIO(1,11), A. ERBA(1,11)  *
 *  M. RE'RAT(14), S. CASASSA(1,11)                                            *
 *                                                                             *
 *        CONTRIBUTIONS TO THE CODE HAVE ALSO BEEN GIVEN BY                    *
 *                                                                             *
 *  M. FERRABONE(1,11), M. DE LA PIERRE(1,11), M. FERRERO(1,11),               *
 *  J. BAIMA(1,11), E. ALBANESE(1,11), M.F. PEINTINGER(12), R. BAST(13),       *
 *  B. KIRTMAN(15), V. LACIVITA(1,11), R. DEMICHELIS(1,16)                     *
 *  G. BRANDEBURG(17), S. SALUSTRO(1,11), G. SANSONE(1,11)                     *
 *  M.T. RUGGIERO(18)                                                          *
 *                                                                             *
 * (1) THEORETICAL CHEMISTRY GROUP - UNIVERSITA' DI TORINO - TORINO (ITALY)    *

 * (2) COMPUTATIONAL SCIENCE & ENGINEERING DEPARTMENT - STFC DARESBURY (UK)    *
 * (3) UNIVERSIDAD AUTONOMA DEL ESTADO DE MORELOS - CUERNAVACA (MEXICO)        *
 * (4) UNIVERSITE' DE LORRAINE - NANCY (FRANCE)                                *
 * (5) UNIVERSITAET STUTTGART- STUTTGART (GERMANY)                             *
 * (6) IMPERIAL COLLEGE - LONDON (UK)                                          *
 * (7) OXFORD E-RESEARCH CENTRE - OXFORD (UK)                                  *
 * (8) UPMC - SORBONNE UNIVERSITES - PARIS (FRANCE)                            *
 * (9) UNIVERSIDAD DE BARCELONA - BARCELONA (SPAIN)                            *
 *(10) UNIVERSITA' DI NAPOLI "FEDERICO II" - NAPOLI (ITALY)                    *
 *(11) NIS - NANOSTRUCTURED INTERFACES AND SURFACES - TORINO (ITALY)           *
 *(12) MPI FUER CHEMISCHE ENERGIEKONVERSION - MUELHEIM AN DER RUHR (GERMANY)   *
 *(13) UNIVERSITY OF TROMSO - TROMSO (NORWAY)                                  *
 *(14) UNIVERSITE' DE PAU ET DES PAYS DE L'ADOUR - PAU (FRANCE)                *
 *(15) UNIVERSITY OF CALIFORNIA SANTA BARBARA - SANTA BARBARA (USA)            *
 *(16) CURTIN UNIVERSITY - PERTH (AUSTRALIA)                                   *
 *(17) UNIVERSITY COLLEGE LONDON - LONDON (UK)                                 *
 *(18) CAMBRIDGE UNIVERSITY - CAMBRIDGE (UK)                                   *
 *                                                                             *
 *******************************************************************************
 EEEEEEEEEE STARTING  DATE 09 03 2023 TIME 10:54:44.0
 Lts                                                                             

 GEOMETRY INPUT FROM EXTERNAL FILE (FORTRAN UNIT 34)
 3D - CRYSTAL 

 *******************************************************************************
 LATTICE PARAMETERS  (ANGSTROMS AND DEGREES) - PRIMITIVE CELL
       A          B          C        ALPHA      BETA     GAMMA        VOLUME
   10.78797   10.78797   10.78797    60.00000  60.00000  60.00000    887.778757
 INFORMATION **** CHKGRP **** SPGR WITH NO INVERSION

 NUMBER OF IRREDUCIBLE ATOMS IN THE CELL:   18

 CARTESIAN COORDINATES (ANGSTROM) - IRREDUCIBLE ATOMS AND SYMMETRY RELATED

 AT.IRR.  AT  AT.N.          X                   Y                   Z
     1     1     3    0.000000000000E+00  0.000000000000E+00  0.000000000000E+00
     2     2     3    2.542750000000E+00  2.542750000000E+00  0.000000000000E+00
     2     3     3   -2.542750000000E+00 -2.542750000000E+00  0.000000000000E+00
     4     4     3    2.542750000000E+00  0.000000000000E+00  2.542750000000E+00
     5     5     3    5.085500000000E+00  2.542750000000E+00  2.542750000000E+00
     4     6     3    0.000000000000E+00 -2.542750000000E+00  2.542750000000E+00
     7     7    22   -2.542750000000E+00  0.000000000000E+00 -2.542750000000E+00
     7     8    22    0.000000000000E+00  2.542750000000E+00 -2.542750000000E+00
     9     9    22   -5.085500000000E+00 -2.542750000000E+00 -2.542750000000E+00
     4    10     3    0.000000000000E+00  2.542750000000E+00  2.542750000000E+00
     5    11     3    2.542750000000E+00  5.085500000000E+00  2.542750000000E+00
     4    12     3   -2.542750000000E+00  0.000000000000E+00  2.542750000000E+00
     9    13    22    2.542750000000E+00  2.542750000000E+00  5.085500000000E+00
     9    14    22    5.085500000000E+00  5.085500000000E+00  5.085500000000E+00
    15    15    22    0.000000000000E+00  0.000000000000E+00  5.085500000000E+00
     2    16     3   -2.542750000000E+00  2.542750000000E+00  0.000000000000E+00
    17    17     3    0.000000000000E+00  5.085500000000E+00  0.000000000000E+00
    17    18     3   -5.085500000000E+00  0.000000000000E+00  0.000000000000E+00
     7    19    22    0.000000000000E+00 -2.542750000000E+00 -2.542750000000E+00
     7    20    22    2.542750000000E+00  0.000000000000E+00 -2.542750000000E+00
     9    21    22   -2.542750000000E+00 -5.085500000000E+00 -2.542750000000E+00
     2    22     3    2.542750000000E+00 -2.542750000000E+00  0.000000000000E+00
    17    23     3    5.085500000000E+00  0.000000000000E+00  0.000000000000E+00
    17    24     3    0.000000000000E+00 -5.085500000000E+00  0.000000000000E+00
     5    25     3   -2.542750000000E+00 -2.542750000000E+00 -5.085500000000E+00
    26    26     3    0.000000000000E+00  0.000000000000E+00 -5.085500000000E+00
     5    27     3   -5.085500000000E+00 -5.085500000000E+00 -5.085500000000E+00
    28    28    16    2.542750000000E+00  2.542750000000E+00  2.542750000000E+00
    28    29    16   -2.542750000000E+00 -2.542750000000E+00  2.542750000000E+00
    30    30    16    0.000000000000E+00  0.000000000000E+00  2.542750000000E+00
    31    31    16   -2.542750000000E+00  2.542750000000E+00 -2.542750000000E+00
    32    32    16   -7.628250000000E+00 -2.542750000000E+00 -2.542750000000E+00
    32    33    16   -5.085500000000E+00  0.000000000000E+00 -2.542750000000E+00
    34    34    16    0.000000000000E+00  2.542750000000E+00  0.000000000000E+00
    35    35    16   -5.085500000000E+00 -2.542750000000E+00  0.000000000000E+00
    34    36    16   -2.542750000000E+00  0.000000000000E+00  0.000000000000E+00
    31    37    16    2.542750000000E+00 -2.542750000000E+00 -2.542750000000E+00
    32    38    16   -2.542750000000E+00 -7.628250000000E+00 -2.542750000000E+00
    32    39    16    0.000000000000E+00 -5.085500000000E+00 -2.542750000000E+00
    35    40    16   -2.542750000000E+00 -2.542750000000E+00 -7.628250000000E+00
    41    41    16   -7.628250000000E+00 -7.628250000000E+00 -7.628250000000E+00
    35    42    16   -5.085500000000E+00 -5.085500000000E+00 -7.628250000000E+00
    43    43    16    0.000000000000E+00 -2.542750000000E+00 -5.085500000000E+00
    43    44    16   -5.085500000000E+00 -7.628250000000E+00 -5.085500000000E+00
    28    45    16   -2.542750000000E+00 -5.085500000000E+00 -5.085500000000E+00
    34    46    16    2.542750000000E+00  0.000000000000E+00  0.000000000000E+00
    35    47    16   -2.542750000000E+00 -5.085500000000E+00  0.000000000000E+00
    34    48    16    0.000000000000E+00 -2.542750000000E+00  0.000000000000E+00
    43    49    16   -2.542750000000E+00  0.000000000000E+00 -5.085500000000E+00
    43    50    16   -7.628250000000E+00 -5.085500000000E+00 -5.085500000000E+00
    28    51    16   -5.085500000000E+00 -2.542750000000E+00 -5.085500000000E+00
    52    52    16    0.000000000000E+00  0.000000000000E+00 -2.542750000000E+00
    31    53    16   -5.085500000000E+00 -5.085500000000E+00 -2.542750000000E+00
    31    54    16   -2.542750000000E+00 -2.542750000000E+00 -2.542750000000E+00

 SPACE  GROUP  N.                     :  139
 NUMBER OF SYMMETRY OPERATORS         :    8
 *******************************************************************************
 LATTICE PARAMETERS (ANGSTROMS AND DEGREES) - BOHR = 0.5291772083 ANGSTROM
 PRIMITIVE CELL - CENTRING CODE 1/0 VOLUME=   887.778757 - DENSITY  2.657 g/cm^3
         A              B              C           ALPHA      BETA       GAMMA 
    10.78797461    10.78797461    10.78797461    60.000000  60.000000  60.000000
 *******************************************************************************
 ATOMS IN THE ASYMMETRIC UNIT   18 - ATOMS IN THE UNIT CELL:   54
     ATOM                 X/A                 Y/B                 Z/C    
 *******************************************************************************
      1 T   3 LI    0.000000000000E+00  0.000000000000E+00  0.000000000000E+00
      2 T   3 LI    0.000000000000E+00  0.000000000000E+00  3.333333333333E-01
      3 F   3 LI    0.000000000000E+00  0.000000000000E+00 -3.333333333333E-01
      4 T   3 LI    0.000000000000E+00  3.333333333333E-01  0.000000000000E+00
      5 T   3 LI    0.000000000000E+00  3.333333333333E-01  3.333333333333E-01
      6 F   3 LI    0.000000000000E+00  3.333333333333E-01 -3.333333333333E-01
      7 T  22 TI    0.000000000000E+00 -3.333333333333E-01  0.000000000000E+00
      8 F  22 TI    0.000000000000E+00 -3.333333333333E-01  3.333333333333E-01
      9 T  22 TI    0.000000000000E+00 -3.333333333333E-01 -3.333333333333E-01
     10 F   3 LI    3.333333333333E-01  0.000000000000E+00  0.000000000000E+00
     11 F   3 LI    3.333333333333E-01  0.000000000000E+00  3.333333333333E-01
     12 F   3 LI    3.333333333333E-01  0.000000000000E+00 -3.333333333333E-01
     13 F  22 TI    3.333333333333E-01  3.333333333333E-01  0.000000000000E+00
     14 F  22 TI    3.333333333333E-01  3.333333333333E-01  3.333333333333E-01
     15 T  22 TI    3.333333333333E-01  3.333333333333E-01 -3.333333333333E-01
     16 F   3 LI    3.333333333333E-01 -3.333333333333E-01  0.000000000000E+00
     17 T   3 LI    3.333333333333E-01 -3.333333333333E-01  3.333333333333E-01
     18 F   3 LI    3.333333333333E-01 -3.333333333333E-01 -3.333333333333E-01
     19 F  22 TI   -3.333333333333E-01  0.000000000000E+00  0.000000000000E+00
     20 F  22 TI   -3.333333333333E-01  0.000000000000E+00  3.333333333333E-01
     21 F  22 TI   -3.333333333333E-01  0.000000000000E+00 -3.333333333333E-01
     22 F   3 LI   -3.333333333333E-01  3.333333333333E-01  0.000000000000E+00
     23 F   3 LI   -3.333333333333E-01  3.333333333333E-01  3.333333333333E-01
     24 F   3 LI   -3.333333333333E-01  3.333333333333E-01 -3.333333333333E-01
     25 F   3 LI   -3.333333333333E-01 -3.333333333333E-01  0.000000000000E+00
     26 T   3 LI   -3.333333333333E-01 -3.333333333333E-01  3.333333333333E-01
     27 F   3 LI   -3.333333333333E-01 -3.333333333333E-01 -3.333333333333E-01
     28 T  16 S     1.666666666667E-01  1.666666666667E-01  1.666666666667E-01
     29 F  16 S     1.666666666667E-01  1.666666666667E-01  5.000000000000E-01
     30 T  16 S     1.666666666667E-01  1.666666666667E-01 -1.666666666667E-01
     31 T  16 S     1.666666666667E-01  5.000000000000E-01  1.666666666667E-01
     32 T  16 S     1.666666666667E-01  5.000000000000E-01  5.000000000000E-01
     33 F  16 S     1.666666666667E-01  5.000000000000E-01 -1.666666666667E-01
     34 T  16 S     1.666666666667E-01 -1.666666666667E-01  1.666666666667E-01
     35 T  16 S     1.666666666667E-01 -1.666666666667E-01  5.000000000000E-01
     36 F  16 S     1.666666666667E-01 -1.666666666667E-01 -1.666666666667E-01
     37 F  16 S     5.000000000000E-01  1.666666666667E-01  1.666666666667E-01
     38 F  16 S     5.000000000000E-01  1.666666666667E-01  5.000000000000E-01
     39 F  16 S     5.000000000000E-01  1.666666666667E-01 -1.666666666667E-01
     40 F  16 S     5.000000000000E-01  5.000000000000E-01  1.666666666667E-01
     41 T  16 S     5.000000000000E-01  5.000000000000E-01  5.000000000000E-01
     42 F  16 S     5.000000000000E-01  5.000000000000E-01 -1.666666666667E-01
     43 T  16 S     5.000000000000E-01 -1.666666666667E-01  1.666666666667E-01
     44 F  16 S     5.000000000000E-01 -1.666666666667E-01 -5.000000000000E-01
     45 F  16 S     5.000000000000E-01 -1.666666666667E-01 -1.666666666667E-01
     46 F  16 S    -1.666666666667E-01  1.666666666667E-01  1.666666666667E-01
     47 F  16 S    -1.666666666667E-01  1.666666666667E-01  5.000000000000E-01
     48 F  16 S    -1.666666666667E-01  1.666666666667E-01 -1.666666666667E-01
     49 F  16 S    -1.666666666667E-01  5.000000000000E-01  1.666666666667E-01
     50 F  16 S    -1.666666666667E-01  5.000000000000E-01 -5.000000000000E-01
     51 F  16 S    -1.666666666667E-01  5.000000000000E-01 -1.666666666667E-01
     52 T  16 S    -1.666666666667E-01 -1.666666666667E-01  1.666666666667E-01
     53 F  16 S    -1.666666666667E-01 -1.666666666667E-01  5.000000000000E-01
     54 F  16 S    -1.666666666667E-01 -1.666666666667E-01 -1.666666666667E-01

 T = ATOM BELONGING TO THE ASYMMETRIC UNIT
 *******************************************************************************
 * GEOMETRY EDITING - INPUT COORDINATES ARE GIVEN IN ANGSTROM         
 *******************************************************************************

 GEOMETRY NOW FULLY CONSISTENT WITH THE GROUP

 GCALCO - MAX INDICES DIRECT LATTICE VECTOR    14    14    14
 NO.OF VECTORS CREATED 6999 STARS  105 RMAX   215.74851 BOHR

 GEOMETRY FOR WAVE FUNCTION - DIMENSIONALITY OF THE SYSTEM    3
 (NON PERIODIC DIRECTION: LATTICE PARAMETER FORMALLY SET TO 500)
 *******************************************************************************
 LATTICE PARAMETERS (ANGSTROMS AND DEGREES) - BOHR = 0.5291772083 ANGSTROM
 PRIMITIVE CELL - CENTRING CODE 1/0 VOLUME=   887.778757 - DENSITY  2.657 g/cm^3
         A              B              C           ALPHA      BETA       GAMMA 
    10.78797461    10.78797461    10.78797461    60.000000  60.000000  60.000000
 *******************************************************************************
 ATOMS IN THE ASYMMETRIC UNIT   18 - ATOMS IN THE UNIT CELL:   54
     ATOM                 X/A                 Y/B                 Z/C    
 *******************************************************************************
      1 T   3 LI    0.000000000000E+00  0.000000000000E+00  0.000000000000E+00
      2 T   3 LI    0.000000000000E+00  0.000000000000E+00  3.333333333333E-01
      3 F   3 LI    0.000000000000E+00  0.000000000000E+00 -3.333333333333E-01
      4 T   3 LI    0.000000000000E+00  3.333333333333E-01  0.000000000000E+00
      5 T   3 LI    0.000000000000E+00  3.333333333333E-01  3.333333333333E-01
      6 F   3 LI    0.000000000000E+00  3.333333333333E-01 -3.333333333333E-01
      7 T  22 TI    0.000000000000E+00 -3.333333333333E-01  0.000000000000E+00
      8 F  22 TI    0.000000000000E+00 -3.333333333333E-01  3.333333333333E-01
      9 T  22 TI    0.000000000000E+00 -3.333333333333E-01 -3.333333333333E-01
     10 F   3 LI    3.333333333333E-01  0.000000000000E+00  0.000000000000E+00
     11 F   3 LI    3.333333333333E-01  0.000000000000E+00  3.333333333333E-01
     12 F   3 LI    3.333333333333E-01  0.000000000000E+00 -3.333333333333E-01
     13 F  22 TI    3.333333333333E-01  3.333333333333E-01  5.551115123126E-17
     14 F  22 TI    3.333333333333E-01  3.333333333333E-01  3.333333333333E-01
     15 T  22 TI    3.333333333333E-01  3.333333333333E-01 -3.333333333333E-01
     16 F   3 LI    3.333333333333E-01 -3.333333333333E-01 -6.102426798987E-18
     17 T   3 LI    3.333333333333E-01 -3.333333333333E-01  3.333333333333E-01
     18 F   3 LI    3.333333333333E-01 -3.333333333333E-01 -3.333333333333E-01
     19 F  22 TI   -3.333333333333E-01  0.000000000000E+00  0.000000000000E+00
     20 F  22 TI   -3.333333333333E-01  0.000000000000E+00  3.333333333333E-01
     21 F  22 TI   -3.333333333333E-01  0.000000000000E+00 -3.333333333333E-01
     22 F   3 LI   -3.333333333333E-01  3.333333333333E-01  6.102426798987E-18
     23 F   3 LI   -3.333333333333E-01  3.333333333333E-01  3.333333333333E-01
     24 F   3 LI   -3.333333333333E-01  3.333333333333E-01 -3.333333333333E-01
     25 F   3 LI   -3.333333333333E-01 -3.333333333333E-01 -5.551115123126E-17
     26 T   3 LI   -3.333333333333E-01 -3.333333333333E-01  3.333333333333E-01
     27 F   3 LI   -3.333333333333E-01 -3.333333333333E-01 -3.333333333333E-01
     28 T  16 S     1.666666666667E-01  1.666666666667E-01  1.666666666667E-01
     29 F  16 S     1.666666666667E-01  1.666666666667E-01  5.000000000000E-01
     30 T  16 S     1.666666666667E-01  1.666666666667E-01 -1.666666666667E-01
     31 T  16 S     1.666666666667E-01  5.000000000000E-01  1.666666666667E-01
     32 T  16 S     1.666666666667E-01 -5.000000000000E-01  5.000000000000E-01
     33 F  16 S     1.666666666667E-01  5.000000000000E-01 -1.666666666667E-01
     34 T  16 S     1.666666666667E-01 -1.666666666667E-01  1.666666666667E-01
     35 T  16 S     1.666666666667E-01 -1.666666666667E-01  5.000000000000E-01
     36 F  16 S     1.666666666667E-01 -1.666666666667E-01 -1.666666666667E-01
     37 F  16 S    -5.000000000000E-01  1.666666666667E-01  1.666666666667E-01
     38 F  16 S    -5.000000000000E-01  1.666666666667E-01  5.000000000000E-01
     39 F  16 S    -5.000000000000E-01  1.666666666667E-01 -1.666666666667E-01
     40 F  16 S    -5.000000000000E-01 -5.000000000000E-01  1.666666666667E-01
     41 T  16 S    -5.000000000000E-01 -5.000000000000E-01 -5.000000000000E-01
     42 F  16 S    -5.000000000000E-01 -5.000000000000E-01 -1.666666666667E-01
     43 T  16 S    -5.000000000000E-01 -1.666666666667E-01  1.666666666667E-01
     44 F  16 S    -5.000000000000E-01 -1.666666666667E-01 -5.000000000000E-01
     45 F  16 S    -5.000000000000E-01 -1.666666666667E-01 -1.666666666667E-01
     46 F  16 S    -1.666666666667E-01  1.666666666667E-01  1.666666666667E-01
     47 F  16 S    -1.666666666667E-01  1.666666666667E-01  5.000000000000E-01
     48 F  16 S    -1.666666666667E-01  1.666666666667E-01 -1.666666666667E-01
     49 F  16 S    -1.666666666667E-01  5.000000000000E-01  1.666666666667E-01
     50 F  16 S    -1.666666666667E-01 -5.000000000000E-01 -5.000000000000E-01
     51 F  16 S    -1.666666666667E-01 -5.000000000000E-01 -1.666666666667E-01
     52 T  16 S    -1.666666666667E-01 -1.666666666667E-01  1.666666666667E-01
     53 F  16 S    -1.666666666667E-01 -1.666666666667E-01 -5.000000000000E-01
     54 F  16 S    -1.666666666667E-01 -1.666666666667E-01 -1.666666666667E-01

 T = ATOM BELONGING TO THE ASYMMETRIC UNIT

 ****    8 SYMMOPS - TRANSLATORS IN FRACTIONAL UNITS
 **** MATRICES AND TRANSLATORS IN THE CRYSTALLOGRAPHIC REFERENCE FRAME
   V INV                    ROTATION MATRICES                   TRANSLATORS
   1   1  1.00  0.00  0.00  0.00  1.00  0.00  0.00  0.00  1.00  0.00  0.00  0.00
   2   3  1.00  1.00  1.00  0.00  0.00 -1.00 -1.00  0.00  0.00  0.00  0.00  0.00
   3   2  0.00  0.00 -1.00  1.00  1.00  1.00  0.00 -1.00  0.00  0.00  0.00  0.00
   4   4  0.00  1.00  0.00  1.00  0.00  0.00 -1.00 -1.00 -1.00  0.00  0.00  0.00
   5   5  1.00  0.00  0.00  0.00  1.00  0.00 -1.00 -1.00 -1.00  0.00  0.00  0.00
   6   6  1.00  1.00  1.00  0.00  0.00 -1.00  0.00 -1.00  0.00  0.00  0.00  0.00
   7   7  0.00  1.00  0.00  1.00  0.00  0.00  0.00  0.00  1.00  0.00  0.00  0.00
   8   8  0.00  0.00 -1.00  1.00  1.00  1.00 -1.00  0.00  0.00  0.00  0.00  0.00

 DIRECT LATTICE VECTORS CARTESIAN COMPONENTS (ANGSTROM)
          X                    Y                    Z
   0.000000000000E+00   0.762825000000E+01   0.762825000000E+01
   0.762825000000E+01   0.000000000000E+00   0.762825000000E+01
   0.762825000000E+01   0.762825000000E+01   0.000000000000E+00


 CARTESIAN COORDINATES - PRIMITIVE CELL
 *******************************************************************************
 *      ATOM          X(ANGSTROM)         Y(ANGSTROM)         Z(ANGSTROM)
 *******************************************************************************
    1     3 LI    0.000000000000E+00  0.000000000000E+00  0.000000000000E+00
    2     3 LI    2.542750000000E+00  2.542750000000E+00  0.000000000000E+00
    3     3 LI   -2.542750000000E+00 -2.542750000000E+00  0.000000000000E+00
    4     3 LI    2.542750000000E+00  0.000000000000E+00  2.542750000000E+00
    5     3 LI    5.085500000000E+00  2.542750000000E+00  2.542750000000E+00
    6     3 LI    0.000000000000E+00 -2.542750000000E+00  2.542750000000E+00
    7    22 TI   -2.542750000000E+00  0.000000000000E+00 -2.542750000000E+00
    8    22 TI    0.000000000000E+00  2.542750000000E+00 -2.542750000000E+00
    9    22 TI   -5.085500000000E+00 -2.542750000000E+00 -2.542750000000E+00
   10     3 LI    0.000000000000E+00  2.542750000000E+00  2.542750000000E+00
   11     3 LI    2.542750000000E+00  5.085500000000E+00  2.542750000000E+00
   12     3 LI   -2.542750000000E+00  9.400075532184E-16  2.542750000000E+00
   13    22 TI    2.542750000000E+00  2.542750000000E+00  5.085500000000E+00
   14    22 TI    5.085500000000E+00  5.085500000000E+00  5.085500000000E+00
   15    22 TI    0.000000000000E+00  9.400075532184E-16  5.085500000000E+00
   16     3 LI   -2.542750000000E+00  2.542750000000E+00  9.400075532184E-16
   17     3 LI    0.000000000000E+00  5.085500000000E+00  9.400075532184E-16
   18     3 LI   -5.085500000000E+00  9.400075532184E-16  9.400075532184E-16
   19    22 TI    0.000000000000E+00 -2.542750000000E+00 -2.542750000000E+00
   20    22 TI    2.542750000000E+00 -9.400075532184E-16 -2.542750000000E+00
   21    22 TI   -2.542750000000E+00 -5.085500000000E+00 -2.542750000000E+00
   22     3 LI    2.542750000000E+00 -2.542750000000E+00 -9.400075532184E-16
   23     3 LI    5.085500000000E+00 -9.400075532184E-16 -9.400075532184E-16
   24     3 LI    0.000000000000E+00 -5.085500000000E+00 -9.400075532184E-16
   25     3 LI   -2.542750000000E+00 -2.542750000000E+00 -5.085500000000E+00
   26     3 LI    0.000000000000E+00 -9.400075532184E-16 -5.085500000000E+00
   27     3 LI   -5.085500000000E+00 -5.085500000000E+00 -5.085500000000E+00
   28    16 S     2.542750000000E+00  2.542750000000E+00  2.542750000000E+00
   29    16 S     5.085500000000E+00  5.085500000000E+00  2.542750000000E+00
   30    16 S     0.000000000000E+00  4.700037766092E-16  2.542750000000E+00
   31    16 S     5.085500000000E+00  2.542750000000E+00  5.085500000000E+00
   32    16 S     7.628250000000E+00  5.085500000000E+00  5.085500000000E+00
   33    16 S     2.542750000000E+00  4.700037766092E-16  5.085500000000E+00
   34    16 S     0.000000000000E+00  2.542750000000E+00  4.700037766092E-16
   35    16 S     2.542750000000E+00  5.085500000000E+00  4.700037766092E-16
   36    16 S    -2.542750000000E+00  4.700037766092E-16  4.700037766092E-16
   37    16 S     2.542750000000E+00  5.085500000000E+00  5.085500000000E+00
   38    16 S     5.085500000000E+00  7.628250000000E+00  5.085500000000E+00
   39    16 S     0.000000000000E+00  2.542750000000E+00  5.085500000000E+00
   40    16 S     5.085500000000E+00  5.085500000000E+00  7.628250000000E+00
   41    16 S     7.628250000000E+00  7.628250000000E+00  7.628250000000E+00
   42    16 S     2.542750000000E+00  2.542750000000E+00  7.628250000000E+00
   43    16 S     0.000000000000E+00  5.085500000000E+00  2.542750000000E+00
   44    16 S     2.542750000000E+00  7.628250000000E+00  2.542750000000E+00
   45    16 S    -2.542750000000E+00  2.542750000000E+00  2.542750000000E+00
   46    16 S     2.542750000000E+00 -4.700037766092E-16 -4.700037766092E-16
   47    16 S     5.085500000000E+00  2.542750000000E+00 -2.350018883046E-16
   48    16 S     0.000000000000E+00 -2.542750000000E+00 -4.700037766092E-16
   49    16 S     5.085500000000E+00 -2.350018883046E-16  2.542750000000E+00
   50    16 S     7.628250000000E+00  2.542750000000E+00  2.542750000000E+00
   51    16 S     2.542750000000E+00 -2.542750000000E+00  2.542750000000E+00
   52    16 S     0.000000000000E+00 -4.700037766092E-16 -2.542750000000E+00
   53    16 S     2.542750000000E+00  2.542750000000E+00 -2.542750000000E+00
   54    16 S    -2.542750000000E+00 -2.542750000000E+00 -2.542750000000E+00

 *******************************************************************************
 LOCAL ATOMIC FUNCTIONS BASIS SET
 *******************************************************************************
   ATOM   X(AU)   Y(AU)   Z(AU)  N. TYPE  EXPONENT  S COEF   P COEF   D/F/G COEF
 *******************************************************************************
   1 LI   0.000   0.000   0.000
                                  1 S  
                                         6.269E+03 2.054E-04 0.000E+00 0.000E+00
                                         9.403E+02 1.592E-03 0.000E+00 0.000E+00
                                         2.142E+02 8.287E-03 0.000E+00 0.000E+00
                                         6.076E+01 3.386E-02 0.000E+00 0.000E+00
                                         1.992E+01 1.110E-01 0.000E+00 0.000E+00
                                         7.317E+00 2.745E-01 0.000E+00 0.000E+00
                                  2 S  
                                         2.972E+00 2.379E-01 0.000E+00 0.000E+00
                                         1.264E+00 3.077E-01 0.000E+00 0.000E+00
                                  3 S  
                                         5.143E-01 1.000E+00 0.000E+00 0.000E+00
                                  4 S  
                                         1.000E-01 1.000E+00 0.000E+00 0.000E+00
                           5-     7 P  
                                         4.000E-01 0.000E+00 1.000E+00 0.000E+00
   2 LI   4.805   4.805   0.000
   3 LI  -4.805  -4.805   0.000
   4 LI   4.805   0.000   4.805
   5 LI   9.610   4.805   4.805
   6 LI   0.000  -4.805   4.805
   7 TI  -4.805   0.000  -4.805
                                 43 S  
                                         2.116E+05 2.332E-04 0.000E+00 0.000E+00
                                         3.171E+04 1.808E-03 0.000E+00 0.000E+00
                                         7.218E+03 9.398E-03 0.000E+00 0.000E+00
                                         2.043E+03 3.816E-02 0.000E+00 0.000E+00
                                         6.651E+02 1.237E-01 0.000E+00 0.000E+00
                                         2.387E+02 2.921E-01 0.000E+00 0.000E+00
                                         9.251E+01 4.123E-01 0.000E+00 0.000E+00
                                         3.640E+01 2.109E-01 0.000E+00 0.000E+00
                                 44 S  
                                         2.327E+02-2.492E-02 0.000E+00 0.000E+00
                                         7.179E+01-1.175E-01 0.000E+00 0.000E+00
                                         1.116E+01 5.650E-01 0.000E+00 0.000E+00
                                         4.655E+00 5.621E-01 0.000E+00 0.000E+00
                                 45 S  
                                         6.803E+00-2.301E-01 0.000E+00 0.000E+00
                                         1.120E+00 7.210E-01 0.000E+00 0.000E+00
                                 46 S  
                                         4.808E-01 1.000E+00 0.000E+00 0.000E+00
                                 47 S  
                                         8.516E-02 1.000E+00 0.000E+00 0.000E+00
                          48-    50 P  
                                         1.063E+03 0.000E+00 2.469E-03 0.000E+00
                                         2.516E+02 0.000E+00 1.977E-02 0.000E+00
                                         8.041E+01 0.000E+00 9.099E-02 0.000E+00
                                         2.977E+01 0.000E+00 2.556E-01 0.000E+00
                                         1.174E+01 0.000E+00 4.049E-01 0.000E+00
                                         4.714E+00 0.000E+00 2.369E-01 0.000E+00
                          51-    53 P  
                                         1.780E+01 0.000E+00-2.788E-02 0.000E+00
                                         2.427E+00 0.000E+00 5.567E-01 0.000E+00
                                         9.682E-01 0.000E+00 1.006E+00 0.000E+00
                          54-    56 P  
                                         3.706E-01 0.000E+00 1.000E+00 0.000E+00
                          57-    59 P  
                                         1.016E-01 0.000E+00 1.000E+00 0.000E+00
                          60-    64 D  
                                         3.771E+01 0.000E+00 0.000E+00 1.151E-02
                                         1.069E+01 0.000E+00 0.000E+00 6.725E-02
                                         3.673E+00 0.000E+00 0.000E+00 2.148E-01
                                         1.359E+00 0.000E+00 0.000E+00 3.889E-01
                          65-    69 D  
                                         4.921E-01 0.000E+00 0.000E+00 1.000E+00
                          70-    74 D  
                                         1.633E-01 0.000E+00 0.000E+00 1.000E+00
   8 TI   0.000   4.805  -4.805
   9 TI  -9.610  -4.805  -4.805
  10 LI   0.000   4.805   4.805
  11 LI   4.805   9.610   4.805
  12 LI  -4.805   0.000   4.805
  13 TI   4.805   4.805   9.610
  14 TI   9.610   9.610   9.610
  15 TI   0.000   0.000   9.610
  16 LI  -4.805   4.805   0.000
  17 LI   0.000   9.610   0.000
  18 LI  -9.610   0.000   0.000
  19 TI   0.000  -4.805  -4.805
  20 TI   4.805  -0.000  -4.805
  21 TI  -4.805  -9.610  -4.805
  22 LI   4.805  -4.805  -0.000
  23 LI   9.610  -0.000  -0.000
  24 LI   0.000  -9.610  -0.000
  25 LI  -4.805  -4.805  -9.610
  26 LI   0.000  -0.000  -9.610
  27 LI  -9.610  -9.610  -9.610
  28 S    4.805   4.805   4.805
                                415 S  
                                         6.070E+04 5.470E-04 0.000E+00 0.000E+00
                                         9.103E+03 4.230E-03 0.000E+00 0.000E+00
                                         2.071E+03 2.175E-02 0.000E+00 0.000E+00
                                         5.860E+02 8.510E-02 0.000E+00 0.000E+00
                                         1.906E+02 2.480E-01 0.000E+00 0.000E+00
                                         6.763E+01 4.670E-01 0.000E+00 0.000E+00
                                         2.513E+01 3.643E-01 0.000E+00 0.000E+00
                                416 S  
                                         1.126E+02 2.167E-02 0.000E+00 0.000E+00
                                         3.480E+01 9.360E-02 0.000E+00 0.000E+00
                                         6.512E+00-2.607E-01 0.000E+00 0.000E+00
                                417 S  
                                         3.240E+00 1.284E+00 0.000E+00 0.000E+00
                                         1.548E+00 6.604E-01 0.000E+00 0.000E+00
                                418 S  
                                         4.054E-01 1.000E+00 0.000E+00 0.000E+00
                                419 S  
                                         1.455E-01 1.000E+00 0.000E+00 0.000E+00
                         420-   422 P  
                                         5.644E+02 0.000E+00 2.480E-03 0.000E+00
                                         1.334E+02 0.000E+00 1.968E-02 0.000E+00
                                         4.247E+01 0.000E+00 8.998E-02 0.000E+00
                                         1.562E+01 0.000E+00 2.571E-01 0.000E+00
                                         6.109E+00 0.000E+00 4.352E-01 0.000E+00
                                         2.440E+00 0.000E+00 3.488E-01 0.000E+00
                         423-   425 P  
                                         8.388E-01 0.000E+00 1.000E+00 0.000E+00
                         426-   428 P  
                                         3.129E-01 0.000E+00 1.000E+00 0.000E+00
                         429-   431 P  
                                         1.077E-01 0.000E+00 1.000E+00 0.000E+00
                         432-   436 D  
                                         5.500E-01 0.000E+00 0.000E+00 1.000E+00
  29 S    9.610   9.610   4.805
  30 S    0.000   0.000   4.805
  31 S    9.610   4.805   9.610
  32 S   14.415   9.610   9.610
  33 S    4.805   0.000   9.610
  34 S    0.000   4.805   0.000
  35 S    4.805   9.610   0.000
  36 S   -4.805   0.000   0.000
  37 S    4.805   9.610   9.610
  38 S    9.610  14.415   9.610
  39 S    0.000   4.805   9.610
  40 S    9.610   9.610  14.415
  41 S   14.415  14.415  14.415
  42 S    4.805   4.805  14.415
  43 S    0.000   9.610   4.805
  44 S    4.805  14.415   4.805
  45 S   -4.805   4.805   4.805
  46 S    4.805  -0.000  -0.000
  47 S    9.610   4.805  -0.000
  48 S    0.000  -4.805  -0.000
  49 S    9.610  -0.000   4.805
  50 S   14.415   4.805   4.805
  51 S    4.805  -4.805   4.805
  52 S    0.000  -0.000  -4.805
  53 S    4.805   4.805  -4.805
  54 S   -4.805  -4.805  -4.805
 INFORMATION **** SET_MPP **** PCRYSTAL CALCULATION
 INFORMATION **** READM2 **** NEW DEFAULT: FOCK/KS MATRIX MIXING SET TO 30 %
 INFORMATION **** READM2 **** NEW DEFAULT: FULL DIRECT SCF MODE
 INFORMATION **** READM2 **** NEW DEFAULT: COULOMB BIPOLAR BUFFER SET TO 32 Mb
 INFORMATION **** READM2 **** NEW DEFAULT: EXCHANGE BIPOLAR BUFFER SET TO 32 Mb

 *******************************************************************************
 NEW DEFAULT: DFT INTEGRATION GRID INCREASED TO XLGRID
 NEW DEFAULT: DIIS ACCELERATOR ACTIVE
 USE KEYWORD NODIIS TO TURN IT OFF
 *******************************************************************************

 INFORMATION **** TOLINTEG **** COULOMB AND EXCHANGE SERIES TOLERANCES MODIFIED
 INFORMATION **** MAXCYCLE **** MAX NUMBER OF SCF CYCLES SET TO         200
 INFORMATION **** NODIIS **** DIIS DISABLED
 INFORMATION **** NODIIS **** LEVEL SHIFTER SET TO 6 0
 INFORMATION **** READM2 **** LEVEL SHIFTING DISABLED BY ANDERSON
 INFORMATION **** TOLDEE **** SCF TOL ON TOTAL ENERGY SET TO           8
 INFORMATION **** PPAN ****  MULLIKEN POPULATION ANALYSIS AT THE END OF SCF
 INFORMATION **** EXCHSIZE **** EXCHANGE BIPOLAR BUFFER SIZE SET TO     7000000
 *******************************************************************************
 N. OF ATOMS PER CELL        54  COULOMB OVERLAP TOL         (T1) 10**   -7
 NUMBER OF SHELLS           468  COULOMB PENETRATION TOL     (T2) 10**   -7
 NUMBER OF AO              1008  EXCHANGE OVERLAP TOL        (T3) 10**   -7
 N. OF ELECTRONS PER CELL   684  EXCHANGE PSEUDO OVP (F(G))  (T4) 10**   -7
 CORE ELECTRONS PER CELL    468  EXCHANGE PSEUDO OVP (P(G))  (T5) 10**  -14
 N. OF SYMMETRY OPERATORS     8  POLE ORDER IN MONO ZONE                  4
 *******************************************************************************
 TYPE OF CALCULATION :  RESTRICTED CLOSED SHELL
 KOHN-SHAM HAMILTONIAN

 (EXCHANGE)[CORRELATION] FUNCTIONAL:(BECKE 88)[LEE-YANG-PARR]

 NON-LOCAL WEIGHTING FACTOR (EXCHANGE) =           0.9000
 NON-LOCAL WEIGHTING FACTOR [CORRELATION] =        0.8100

 HYBRID EXCHANGE - PERCENTAGE OF FOCK EXCHANGE    20.0000

 CAPPA:IS1  6;IS2  6;IS3  6; K PTS MONK NET  30; SYMMOPS:K SPACE  16;G SPACE   8

 *******************************************************************************
 MAX NUMBER OF SCF CYCLES     200  CONVERGENCE ON DELTAP        10**-18
 WEIGHT OF F(I) IN F(I+1)      90% CONVERGENCE ON ENERGY        10**- 8
 SHRINK. FACT.(MONKH.)    6  6  6  NUMBER OF K POINTS IN THE IBZ     30
 SHRINKING FACTOR(GILAT NET)   12  NUMBER OF K POINTS(GILAT NET)    163
 *******************************************************************************
 *** K POINTS COORDINATES (OBLIQUE COORDINATES IN UNITS OF IS =  6)
   1-R(  0  0  0)   2-C(  1  0  0)   3-C(  2  0  0)   4-R(  3  0  0)
   5-C(  1  1  0)   6-C(  2  1  0)   7-C(  3  1  0)   8-C(  4  1  0)
   9-C(  5  1  0)  10-C(  2  2  0)  11-C(  3  2  0)  12-C(  4  2  0)
  13-R(  3  3  0)  14-C(  1  0  1)  15-C(  2  0  1)  16-C(  3  0  1)
  17-C(  4  0  1)  18-C(  5  0  1)  19-C(  3  2  1)  20-C(  4  2  1)
  21-C(  5  2  1)  22-C(  4  3  1)  23-C(  2  0  2)  24-C(  3  0  2)
  25-C(  4  0  2)  26-C(  3  1  2)  27-C(  4  1  2)  28-C(  5  3  2)
  29-R(  3  0  3)  30-C(  4  1  3)

 DIRECT LATTICE VECTORS COMPON. (A.U.)     RECIP. LATTICE VECTORS COMPON. (A.U.) 
        X            Y            Z              X            Y            Z
    0.0000000   14.4153034   14.4153034     -0.2179345    0.2179345    0.2179345
   14.4153034    0.0000000   14.4153034      0.2179345   -0.2179345    0.2179345
   14.4153034   14.4153034    0.0000000      0.2179345    0.2179345   -0.2179345

 DISK SPACE FOR EIGENVECTORS (FTN 10)    56899584 REALS

 SYMMETRY ADAPTION OF THE BLOCH FUNCTIONS ENABLED
 TTTTTTTTTTTTTTTTTTTTTTTTTTTTTT gordsh1     TELAPSE        0.03 TCPU        0.02

 MATRIX SIZE: P(G) 2132640, F(G)  371889, P(G) IRR  171121, F(G) IRR   65546
 MAX G-VECTOR INDEX FOR 1- AND 2-ELECTRON INTEGRALS 133

 TTTTTTTTTTTTTTTTTTTTTTTTTTTTTT INPUT       TELAPSE        0.14 TCPU        0.13

 NEIGHBORS OF THE NON-EQUIVALENT ATOMS

 N = NUMBER OF NEIGHBORS AT DISTANCE R
    ATOM  N     R/ANG      R/AU   NEIGHBORS (ATOM LABELS AND CELL INDICES)
   1 LI   6     2.5427     4.8051   30 S    0 0 0   34 S    0 0 0   36 S    0 0 0
                                    46 S    0 0 0   48 S    0 0 0   52 S    0 0 0
   1 LI   4     3.5960     6.7954    2 LI   0 0 0    3 LI   0 0 0    4 LI   0 0 0
                                     6 LI   0 0 0
   1 LI   2     3.5960     6.7954    7 TI   0 0 0    8 TI   0 0 0
   1 LI   3     3.5960     6.7954   10 LI   0 0 0   12 LI   0 0 0   16 LI   0 0 0
   1 LI   2     3.5960     6.7954   19 TI   0 0 0   20 TI   0 0 0
   1 LI   1     3.5960     6.7954   22 LI   0 0 0

   2 LI   6     2.5427     4.8051   28 S    0 0 0   34 S    0 0 0   35 S    0 0 0
                                    46 S    0 0 0   47 S    0 0 0   53 S    0 0 0
   2 LI   4     3.5960     6.7954    1 LI   0 0 0    3 LI   0 0 1    4 LI   0 0 0
                                     5 LI   0 0 0
   2 LI   2     3.5960     6.7954    8 TI   0 0 0    9 TI   0 0 1
   2 LI   3     3.5960     6.7954   10 LI   0 0 0   11 LI   0 0 0   17 LI   0 0 0
   2 LI   2     3.5960     6.7954   20 TI   0 0 0   21 TI   0 0 1
   2 LI   1     3.5960     6.7954   23 LI   0 0 0

   4 LI   6     2.5427     4.8051   28 S    0 0 0   30 S    0 0 0   33 S    0 0 0
                                    46 S    0 0 0   49 S    0 0 0   51 S    0 0 0
   4 LI   4     3.5960     6.7954    1 LI   0 0 0    2 LI   0 0 0    5 LI   0 0 0
                                     6 LI   0 0 0
   4 LI   2     3.5960     6.7954    7 TI   0 1 0    9 TI   0 1 0
   4 LI   1     3.5960     6.7954   10 LI   0 0 0
   4 LI   2     3.5960     6.7954   13 TI   0 0 0   15 TI   0 0 0
   4 LI   3     3.5960     6.7954   22 LI   0 0 0   23 LI   0 0 0   25 LI   0 1 0

   5 LI   6     2.5427     4.8051   28 S    0 0 0   29 S    0 0 0   31 S    0 0 0
                                    47 S    0 0 0   49 S    0 0 0   50 S    0 0 0
   5 LI   4     3.5960     6.7954    2 LI   0 0 0    3 LI   0 0 1    4 LI   0 0 0
                                     6 LI   0 0 1
   5 LI   2     3.5960     6.7954    7 TI   0 1 0    8 TI   0 1 0
   5 LI   1     3.5960     6.7954   11 LI   0 0 0
   5 LI   2     3.5960     6.7954   13 TI   0 0 0   14 TI   0 0 0
   5 LI   3     3.5960     6.7954   23 LI   0 0 0   24 LI   0 0 1   26 LI   0 1 0

   7 TI   6     2.5427     4.8051   31 S    0-1 0   33 S    0-1 0   36 S    0 0 0
                                    49 S    0-1 0   52 S    0 0 0   54 S    0 0 0
   7 TI   4     3.5960     6.7954    1 LI   0 0 0    3 LI   0 0 0    4 LI   0-1 0
                                     5 LI   0-1 0
   7 TI   3     3.5960     6.7954    8 TI   0 0 0    9 TI   0 0 0   13 TI   0-1 0
   7 TI   2     3.5960     6.7954   16 LI   0 0 0   18 LI   0 0 0
   7 TI   1     3.5960     6.7954   19 TI   0 0 0
   7 TI   2     3.5960     6.7954   25 LI   0 0 0   26 LI   0 0 0

   9 TI   6     2.5428     4.8051   32 S    0-1-1   33 S    0-1 0   35 S    0 0-1
                                    51 S    0-1 0   53 S    0 0-1   54 S    0 0 0
   9 TI   4     3.5960     6.7954    2 LI   0 0-1    3 LI   0 0 0    4 LI   0-1 0
                                     6 LI   0-1 0
   9 TI   3     3.5960     6.7954    7 TI   0 0 0    8 TI   0 0-1   15 TI   0-1 0
   9 TI   2     3.5960     6.7954   17 LI   0 0-1   18 LI   0 0 0
   9 TI   1     3.5960     6.7954   21 TI   0 0 0
   9 TI   2     3.5960     6.7954   25 LI   0 0 0   27 LI   0 0 0

  15 TI   6     2.5427     4.8051   30 S    0 0 0   32 S    0 0-1   33 S    0 0 0
                                    38 S    0 0-1   39 S    0 0 0   41 S    0 0-1
  15 TI   2     3.5960     6.7954    4 LI   0 0 0    6 LI   0 0 0
  15 TI   1     3.5960     6.7954    9 TI   0 1 0
  15 TI   2     3.5960     6.7954   10 LI   0 0 0   12 LI   0 0 0
  15 TI   2     3.5960     6.7954   13 TI   0 0 0   14 TI   0 0-1
  15 TI   2     3.5960     6.7954   17 LI   0 1-1   18 LI   0 1 0

  17 LI   6     2.5428     4.8051   32 S    0-1 0   34 S    0 0 0   35 S    0 0 0
                                    40 S    0-1 0   41 S    0-1 0   43 S    0 0 0
  17 LI   1     3.5960     6.7954    2 LI   0 0 0
  17 LI   2     3.5960     6.7954    8 TI   0 0 0    9 TI   0 0 1
  17 LI   2     3.5960     6.7954   10 LI   0 0 0   11 LI   0 0 0
  17 LI   2     3.5960     6.7954   14 TI   0-1 0   15 TI   0-1 1
  17 LI   5     3.5960     6.7954   16 LI   0 0 0   18 LI   0 0 1   23 LI   1-1 0
                                    25 LI   1 0 0   26 LI   1 0 0

  26 LI   6     2.5427     4.8051   41 S   -1-1 0   43 S   -1 0 0   44 S   -1 0 0
                                    49 S    0-1 0   50 S    0-1 0   52 S    0 0 0
  26 LI   1     3.5960     6.7954    5 LI   0-1 0
  26 LI   2     3.5960     6.7954    7 TI   0 0 0    8 TI   0 0 0
  26 LI   3     3.5960     6.7954   11 LI  -1 0 0   17 LI  -1 0 0   18 LI  -1 0 1
  26 LI   2     3.5960     6.7954   19 TI   0 0 0   20 TI   0 0 0
  26 LI   4     3.5960     6.7954   23 LI   0-1 0   24 LI   0-1 1   25 LI   0 0 0
                                    27 LI   0 0 1

  28 S    5     2.5427     4.8051    2 LI   0 0 0    4 LI   0 0 0    5 LI   0 0 0
                                    10 LI   0 0 0   11 LI   0 0 0
  28 S    1     2.5428     4.8051   13 TI   0 0 0
  28 S   12     3.5960     6.7954   29 S    0 0 0   30 S    0 0 0   31 S    0 0 0
                                    33 S    0 0 0   34 S    0 0 0   35 S    0 0 0
                                    37 S    0 0 0   39 S    0 0 0   43 S    0 0 0
                                    46 S    0 0 0   47 S    0 0 0   49 S    0 0 0
  28 S    2     4.4042     8.3227    1 LI   0 0 0    3 LI   0 0 1
  28 S    3     4.4042     8.3227    7 TI   0 1 0   14 TI   0 0 0   15 TI   0 0 0
  28 S    1     4.4042     8.3227   17 LI   0 0 0

  30 S    5     2.5427     4.8051    1 LI   0 0 0    4 LI   0 0 0    6 LI   0 0 0
                                    10 LI   0 0 0   12 LI   0 0 0
  30 S    1     2.5427     4.8051   15 TI   0 0 0
  30 S   12     3.5960     6.7954   28 S    0 0 0   29 S    0 0-1   32 S    0 0-1
                                    33 S    0 0 0   34 S    0 0 0   36 S    0 0 0
                                    38 S    0 0-1   39 S    0 0 0   45 S    0 0 0
                                    46 S    0 0 0   48 S    0 0 0   51 S    0 0 0
  30 S    2     4.4042     8.3227    2 LI   0 0 0    3 LI   0 0 0
  30 S    3     4.4042     8.3227    9 TI   0 1 0   13 TI   0 0 0   14 TI   0 0-1
  30 S    1     4.4042     8.3227   16 LI   0 0 0

  31 S    1     2.5428     4.8051    5 LI   0 0 0
  31 S    4     2.5427     4.8051    7 TI   0 1 0    8 TI   0 1 0   13 TI   0 0 0
                                    14 TI   0 0 0
  31 S    1     2.5428     4.8051   16 LI   0 1 0
  31 S   12     3.5960     6.7954   28 S    0 0 0   29 S    0 0 0   32 S    0 0 0
                                    33 S    0 0 0   34 S    0 1 0   36 S    0 1 0
                                    37 S    0 0 0   40 S    0 0 0   42 S    0 0 0
                                    49 S    0 0 0   50 S    0 0 0   52 S    0 1 0
  31 S    8     4.4042     8.3227    1 LI   0 1 0    4 LI   0 0 0    6 LI   0 0 1
                                    11 LI   0 0 0   17 LI   0 1 0   18 LI   0 1 0
                                    22 LI   1 0 0   26 LI   0 1 0
  31 S    6     5.0855     9.6102   38 S    0 0 0   39 S    0 0 0   45 S    0 1 0
                                    47 S    0 0 0   53 S    0 1 0   54 S    0 1 0

  32 S    1     2.5428     4.8051    6 LI   0 0 1
  32 S    4     2.5428     4.8051    8 TI   0 1 0    9 TI   0 1 1   14 TI   0 0 0
                                    15 TI   0 0 1
  32 S    1     2.5428     4.8051   17 LI   0 1 0
  32 S   12     3.5960     6.7954   29 S    0 0 0   30 S    0 0 1   31 S    0 0 0
                                    33 S    0 0 1   34 S    0 1 0   35 S    0 1 0
                                    38 S    0 0 0   40 S    0 0 0   41 S    0 0 0
                                    50 S    0 0 0   51 S    0 0 1   53 S    0 1 0
  32 S    8     4.4042     8.3227    2 LI   0 1 0    4 LI   0 0 1    5 LI   0 0 0
                                    12 LI   0 0 1   16 LI   0 1 0   18 LI   0 1 1
                                    23 LI   1 0 0   27 LI   0 1 1
  32 S    6     5.0855     9.6102   37 S    0 0 0   39 S    0 0 1   43 S    0 1 0
                                    48 S    0 0 1   52 S    0 1 0   54 S    0 1 1

  34 S    2     2.5427     4.8051    1 LI   0 0 0    2 LI   0 0 0
  34 S    1     2.5427     4.8051    8 TI   0 0 0
  34 S    3     2.5427     4.8051   10 LI   0 0 0   16 LI   0 0 0   17 LI   0 0 0
  34 S   12     3.5960     6.7954   28 S    0 0 0   30 S    0 0 0   31 S    0-1 0
                                    32 S    0-1 0   35 S    0 0 0   36 S    0 0 0
                                    40 S    0-1 0   43 S    0 0 0   45 S    0 0 0
                                    46 S    0 0 0   52 S    0 0 0   53 S    0 0 0
  34 S    1     4.4042     8.3227    4 LI   0 0 0
  34 S    2     4.4042     8.3227    7 TI   0 0 0    9 TI   0 0 1

  35 S    2     2.5428     4.8051    2 LI   0 0 0    3 LI   0 0 1
  35 S    1     2.5427     4.8051    9 TI   0 0 1
  35 S    3     2.5427     4.8051   11 LI   0 0 0   17 LI   0 0 0   18 LI   0 0 1
  35 S   12     3.5960     6.7954   28 S    0 0 0   29 S    0 0 0   32 S    0-1 0
                                    33 S    0-1 1   34 S    0 0 0   36 S    0 0 1
                                    41 S    0-1 0   43 S    0 0 0   44 S    0 0 0
                                    47 S    0 0 0   53 S    0 0 0   54 S    0 0 1
  35 S    1     4.4042     8.3227    5 LI   0 0 0
  35 S    2     4.4042     8.3227    7 TI   0 0 1    8 TI   0 0 0

  41 S    1     2.5428     4.8051   15 TI   0 0 1
  41 S    5     2.5428     4.8051   17 LI   0 1 0   18 LI   0 1 1   23 LI   1 0 0
                                    24 LI   1 0 1   26 LI   1 1 0
  41 S   12     3.5960     6.7954   32 S    0 0 0   33 S    0 0 1   35 S    0 1 0
                                    38 S    0 0 0   39 S    0 0 1   40 S    0 0 0
                                    42 S    0 0 1   43 S    0 1 0   44 S    0 1 0
                                    47 S    1 0 0   49 S    1 0 0   50 S    1 0 0
  41 S    1     4.4042     8.3227    5 LI   1 0 0
  41 S    1     4.4042     8.3227    9 TI   0 1 1
  41 S    1     4.4042     8.3227   11 LI   0 1 0

  43 S    3     2.5427     4.8051   10 LI   0 0 0   11 LI   0 0 0   17 LI   0 0 0
  43 S    1     2.5427     4.8051   19 TI   1 0 0
  43 S    2     2.5427     4.8051   25 LI   1 0 0   26 LI   1 0 0
  43 S   12     3.5960     6.7954   28 S    0 0 0   34 S    0 0 0   35 S    0 0 0
                                    37 S    0 0 0   39 S    0 0 0   40 S    0-1 0
                                    41 S    0-1 0   44 S    0 0 0   45 S    0 0 0
                                    49 S    1-1 0   52 S    1 0 0   54 S    1 0 0
  43 S    1     4.4042     8.3227    2 LI   0 0 0
  43 S    2     4.4042     8.3227    7 TI   1 0 0   13 TI   0 0 0

  52 S    1     2.5427     4.8051    1 LI   0 0 0
  52 S    4     2.5427     4.8051    7 TI   0 0 0    8 TI   0 0 0   19 TI   0 0 0
                                    20 TI   0 0 0
  52 S    1     2.5427     4.8051   26 LI   0 0 0
  52 S   12     3.5960     6.7954   31 S    0-1 0   34 S    0 0 0   36 S    0 0 0
                                    37 S   -1 0 0   43 S   -1 0 0   44 S   -1 0 0
                                    46 S    0 0 0   48 S    0 0 0   49 S    0-1 0
                                    50 S    0-1 0   53 S    0 0 0   54 S    0 0 0
  52 S    8     4.4042     8.3227    2 LI   0 0 0    3 LI   0 0 0    5 LI   0-1 0
                                    11 LI  -1 0 0   16 LI   0 0 0   22 LI   0 0 0
                                    25 LI   0 0 0   27 LI   0 0 1
  52 S    6     5.0855     9.6102   30 S    0 0 0   32 S    0-1 0   33 S    0-1 0
                                    38 S   -1 0 0   39 S   -1 0 0   41 S   -1-1 0


 SYMMETRY ALLOWED INTERNAL DEGREE(S) OF FREEDOM:  29
 TTTTTTTTTTTTTTTTTTTTTTTTTTTTTT SYMM        TELAPSE        0.17 TCPU        0.16
 TTTTTTTTTTTTTTTTTTTTTTTTTTTTTT INT_SCREEN  TELAPSE        0.25 TCPU        0.24
 INFORMATION **** EXCBUF **** EXCH. BIPO BUFFER: WORDS USED =     6795810

 DFT PARAMETERS

     ATOM       ELECTRONS   NET CHARGE   R(ANGSTROM)
   1   3  LI      3.0000      0.0000     1.57000000
   7  22  TI     22.0000      0.0000     1.47000000
  28  16  S      16.0000      0.0000     1.04000000

 SIZE OF GRID=     154968
 TTTTTTTTTTTTTTTTTTTTTTTTTTTTTT MAKE_GRID2  TELAPSE        7.71 TCPU        7.69
 BECKE WEIGHT FUNCTION
 RADSAFE =     2.00
 TOLERANCES - DENSITY:10**- 6; POTENTIAL:10**- 9; GRID WGT:10**-14

 RADIAL INTEGRATION  - INTERVALS (POINTS,UPPER LIMIT):            1( 75,  4.0*R)

 ANGULAR INTEGRATION - INTERVALS (ACCURACY LEVEL [N. POINTS] UPPER LIMIT):
  1(  4[  86]   0.2)  2(  8[ 194]   0.5)  3( 12[ 350]   0.9)  4( 16[ 974]   3.5)
  5( 12[ 350]9999.0)
 TTTTTTTTTTTTTTTTTTTTTTTTTTTTTT INT_CALC    TELAPSE        7.84 TCPU        7.81
 EEEEEEEEEE INT_CALC TERMINATION  DATE 09 03 2023 TIME 10:54:51.8

 *******************************************************************************
 Lts                                                                             
 CRYSTAL - SCF - TYPE OF CALCULATION :  RESTRICTED CLOSED SHELL
 *******************************************************************************

 CAPPA:IS1  6;IS2  6;IS3  6; K PTS MONK NET  30; SYMMOPS:K SPACE  16;G SPACE   8

 TTTTTTTTTTTTTTTTTTTTTTTTTTTTTT SDIK        TELAPSE       13.44 TCPU       13.37

 AAAAAAAAAAAAAAAAAAAAAAAAAAAAAAAAAAAAAAAAAAAAAAAAAAAAAAAAAAAAAAAAAAAAAAAAAAAAAAA
         ATOMIC WAVEFUNCTION(S)


 NUCLEAR CHARGE  3.0  SYMMETRY SPECIES            S
 N. ELECTRONS    3.0  NUMBER OF PRIMITIVE GTOS   10
                      NUMBER OF CONTRACTED GTOS   4
                      NUMBER OF CLOSED SHELLS     1
                      OPEN SHELL OCCUPATION       1

  ZNUC SCFIT  TOTAL HF ENERGY   KINETIC ENERGY   VIRIAL THEOREM ACCURACY
   3.0   6   -7.399258405E+00  7.617559703E+00 -1.971342358E+00  3.0E-06

 NUCLEAR CHARGE 22.0  SYMMETRY SPECIES            S    P    D
 N. ELECTRONS   22.0  NUMBER OF PRIMITIVE GTOS   16   11    6
                      NUMBER OF CONTRACTED GTOS   5    4    3
                      NUMBER OF CLOSED SHELLS     4    2    0
                      OPEN SHELL OCCUPATION       0    0    2

  ZNUC SCFIT  TOTAL HF ENERGY   KINETIC ENERGY   VIRIAL THEOREM ACCURACY
  22.0  62   -8.483571772E+02  8.486442376E+02 -1.999661742E+00  5.0E-06

 NUCLEAR CHARGE 16.0  SYMMETRY SPECIES            S    P
 N. ELECTRONS   16.0  NUMBER OF PRIMITIVE GTOS   14    9
                      NUMBER OF CONTRACTED GTOS   5    4
                      NUMBER OF CLOSED SHELLS     3    1
                      OPEN SHELL OCCUPATION       0    4

  ZNUC SCFIT  TOTAL HF ENERGY   KINETIC ENERGY   VIRIAL THEOREM ACCURACY
  16.0  10   -3.974940864E+02  3.974940558E+02 -2.000000077E+00  3.0E-06

 AAAAAAAAAAAAAAAAAAAAAAAAAAAAAAAAAAAAAAAAAAAAAAAAAAAAAAAAAAAAAAAAAAAAAAAAAAAAAAA

 CHARGE NORMALIZATION FACTOR   1.00000000
 TOTAL ATOMIC CHARGES:
   3.0000000   3.0000000   3.0000000   3.0000000   3.0000000   3.0000000
  22.0000000  22.0000000  22.0000000   3.0000000   3.0000000   3.0000000
  22.0000000  22.0000000  22.0000000   3.0000000   3.0000000   3.0000000
  22.0000000  22.0000000  22.0000000   3.0000000   3.0000000   3.0000000
   3.0000000   3.0000000   3.0000000  16.0000000  16.0000000  16.0000000
  16.0000000  16.0000000  16.0000000  16.0000000  16.0000000  16.0000000
  16.0000000  16.0000000  16.0000000  16.0000000  16.0000000  16.0000000
  16.0000000  16.0000000  16.0000000  16.0000000  16.0000000  16.0000000
  16.0000000  16.0000000  16.0000000  16.0000000  16.0000000  16.0000000
 TTTTTTTTTTTTTTTTTTTTTTTTTTTTTT MOQGAD      TELAPSE       13.69 TCPU       13.61
